TN:
SF:src\extension.ts
FN:9,activate
FN:56,deactivate
FNF:2
FNH:2
FNDA:1,activate
FNDA:1,deactivate
DA:1,1
DA:2,1
DA:3,1
DA:4,1
DA:5,1
DA:6,1
DA:7,1
DA:8,1
DA:9,1
DA:10,1
DA:11,1
DA:12,1
DA:13,5
DA:14,5
DA:15,5
DA:16,5
DA:17,5
DA:18,1
DA:19,1
DA:20,5
DA:21,4
DA:22,4
DA:23,4
DA:24,4
DA:25,4
DA:26,4
DA:27,4
DA:28,4
DA:29,4
DA:30,4
DA:31,4
DA:32,4
DA:33,4
DA:34,5
DA:35,1
DA:36,1
DA:37,1
DA:38,3
DA:39,3
DA:40,3
DA:41,3
DA:42,3
DA:43,0
DA:44,0
DA:45,3
DA:46,5
DA:47,0
DA:48,0
DA:49,3
DA:50,3
DA:51,1
DA:52,1
DA:53,1
DA:54,1
DA:55,1
DA:56,1
LF:56
LH:52
BRDA:9,0,0,1
BRDA:12,1,0,5
BRDA:14,2,0,4
BRDA:14,3,0,1
BRDA:17,4,0,1
BRDA:20,5,0,4
BRDA:34,6,0,3
BRDA:34,7,0,1
BRDA:38,8,0,3
BRDA:46,9,0,0
BRDA:49,10,0,3
BRDA:56,11,0,1
BRF:12
BRH:11
end_of_record
